<testsuite errors="0" failures="0" hostname="b204689319ac" name="auth.login.Login Functionality" skipped="0" tests="6" time="3.26111" timestamp="2020-06-12T13:49:41.489860"><testcase classname="auth.login.Login Functionality" name="non loggedin user redirected to login when opening homepage" status="passed" time="0.327197"><system-out>
<![CDATA[
@scenario.begin

  @login
  Scenario: non loggedin user redirected to login when opening homepage
    Given an anonymous user navigates to ICMS homepage ... passed in 0.312s
    Then the login page is displayed ... passed in 0.015s

@scenario.end
--------------------------------------------------------------------------------
]]>
</system-out></testcase><testcase classname="auth.login.Login Functionality" name="non loggedin user redirected to login when opening any page other than home" status="passed" time="0.174016"><system-out>
<![CDATA[
@scenario.begin

  @login
  Scenario: non loggedin user redirected to login when opening any page other than home
    Given an anonymous user navigates to workbasket ... passed in 0.162s
    Then the login page is displayed ... passed in 0.012s

@scenario.end
--------------------------------------------------------------------------------
]]>
</system-out></testcase><testcase classname="auth.login.Login Functionality" name="user sees error when entering invalid credentials" status="passed" time="0.733423"><system-out>
<![CDATA[
@scenario.begin

  @login
  Scenario: user sees error when entering invalid credentials
    Given The user "app-admin" is created in the system ... passed in 0.072s
    Given an anonymous user navigates to Login page ... passed in 0.106s
    When the user "app-admin" logs in with invalid credentials ... passed in 0.506s
    Then an invalid login message is visible ... passed in 0.049s

@scenario.end
--------------------------------------------------------------------------------
]]>
</system-out></testcase><testcase classname="auth.login.Login Functionality" name="user sees error when entering an invalid user" status="passed" time="0.581109"><system-out>
<![CDATA[
@scenario.begin

  @login
  Scenario: user sees error when entering an invalid user
    Given an anonymous user navigates to Login page ... passed in 0.102s
    When the user "i-dont-exist" logs in with invalid credentials ... passed in 0.432s
    Then an invalid login message is visible ... passed in 0.047s

@scenario.end
--------------------------------------------------------------------------------
]]>
</system-out></testcase><testcase classname="auth.login.Login Functionality" name="user is redirected to &quot;user home&quot; page after login" status="passed" time="0.726064"><system-out>
<![CDATA[
@scenario.begin

  @login
  Scenario: user is redirected to "user home" page after login
    Given the user "app-admin" logs in ... passed in 0.695s
    Then the "user home" page is displayed ... passed in 0.017s
    And the text "Hi app-admin, you are logged in" is visible ... passed in 0.014s

@scenario.end
--------------------------------------------------------------------------------
]]>
</system-out></testcase><testcase classname="auth.login.Login Functionality" name="User home page allow logging out" status="passed" time="0.719301"><system-out>
<![CDATA[
@scenario.begin

  @login
  Scenario: User home page allow logging out
    Given the user "app-admin" logs in ... passed in 0.682s
    Then a button with text "Logout" is visible ... passed in 0.037s

@scenario.end
--------------------------------------------------------------------------------
]]>
</system-out></testcase></testsuite>